d:\baidunetdiskdownload\vs\mfclibrary1\image_design\image_design\image_design\debug\image_design.pch
d:\baidunetdiskdownload\vs\mfclibrary1\image_design\image_design\image_design\debug\vc142.pdb
d:\baidunetdiskdownload\vs\mfclibrary1\image_design\image_design\image_design\debug\vc142.idb
d:\baidunetdiskdownload\vs\mfclibrary1\image_design\image_design\image_design\debug\pch.obj
d:\baidunetdiskdownload\vs\mfclibrary1\image_design\image_design\image_design\debug\spaceoperate.obj
d:\baidunetdiskdownload\vs\mfclibrary1\image_design\image_design\image_design\debug\mainfrm.obj
d:\baidunetdiskdownload\vs\mfclibrary1\image_design\image_design\image_design\debug\image_designview.obj
d:\baidunetdiskdownload\vs\mfclibrary1\image_design\image_design\image_design\debug\image_designdoc.obj
d:\baidunetdiskdownload\vs\mfclibrary1\image_design\image_design\image_design\debug\image_design.obj
d:\baidunetdiskdownload\vs\mfclibrary1\image_design\image_design\image_design\debug\crotatedlg.obj
d:\baidunetdiskdownload\vs\mfclibrary1\image_design\image_design\image_design\debug\cpoint_data.obj
d:\baidunetdiskdownload\vs\mfclibrary1\image_design\image_design\image_design\debug\cmatrix.obj
d:\baidunetdiskdownload\vs\mfclibrary1\image_design\image_design\image_design\debug\cextend.obj
d:\baidunetdiskdownload\vs\mfclibrary1\image_design\image_design\image_design\debug\c3dpoint.obj
d:\baidunetdiskdownload\vs\mfclibrary1\image_design\image_design\image_design\debug\image_design.ilk
d:\baidunetdiskdownload\vs\mfclibrary1\image_design\image_design\debug\image_design.exe
d:\baidunetdiskdownload\vs\mfclibrary1\image_design\image_design\debug\image_design.pdb
d:\baidunetdiskdownload\vs\mfclibrary1\image_design\image_design\image_design\debug\imagedesign.res
d:\baidunetdiskdownload\vs\mfclibrary1\image_design\image_design\image_design\debug\image_design.tlog\cl.command.1.tlog
d:\baidunetdiskdownload\vs\mfclibrary1\image_design\image_design\image_design\debug\image_design.tlog\cl.read.1.tlog
d:\baidunetdiskdownload\vs\mfclibrary1\image_design\image_design\image_design\debug\image_design.tlog\cl.write.1.tlog
d:\baidunetdiskdownload\vs\mfclibrary1\image_design\image_design\image_design\debug\image_design.tlog\link.command.1.tlog
d:\baidunetdiskdownload\vs\mfclibrary1\image_design\image_design\image_design\debug\image_design.tlog\link.read.1.tlog
d:\baidunetdiskdownload\vs\mfclibrary1\image_design\image_design\image_design\debug\image_design.tlog\link.write.1.tlog
d:\baidunetdiskdownload\vs\mfclibrary1\image_design\image_design\image_design\debug\image_design.tlog\rc.command.1.tlog
d:\baidunetdiskdownload\vs\mfclibrary1\image_design\image_design\image_design\debug\image_design.tlog\rc.read.1.tlog
d:\baidunetdiskdownload\vs\mfclibrary1\image_design\image_design\image_design\debug\image_design.tlog\rc.write.1.tlog
