  image_designView.cpp
D:\BaiduNetdiskDownload\vs\MFCLibrary1\image_design\image_design\image_design\resource.h(12,1): warning C4005: “IDCANCEL”: 宏重定义
C:\Program Files (x86)\Windows Kits\10\Include\10.0.19041.0\um\winuser.h(11118): message : 参见“IDCANCEL”的前一个定义
D:\BaiduNetdiskDownload\vs\MFCLibrary1\image_design\image_design\image_design\PhongLight.h(13,25): warning C4244: “初始化”: 从“double”转换到“int”，可能丢失数据
D:\BaiduNetdiskDownload\vs\MFCLibrary1\image_design\image_design\image_design\image_designView.cpp(175,28): warning C4101: “re_3d”: 未引用的局部变量
D:\BaiduNetdiskDownload\vs\MFCLibrary1\image_design\image_design\image_design\image_designView.cpp(918,12): warning C4244: “初始化”: 从“int”转换到“float”，可能丢失数据
D:\BaiduNetdiskDownload\vs\MFCLibrary1\image_design\image_design\image_design\image_designView.cpp(922,71): warning C4244: “=”: 从“float”转换到“LONG”，可能丢失数据
D:\BaiduNetdiskDownload\vs\MFCLibrary1\image_design\image_design\image_design\image_designView.cpp(923,72): warning C4244: “=”: 从“float”转换到“LONG”，可能丢失数据
D:\BaiduNetdiskDownload\vs\MFCLibrary1\image_design\image_design\image_design\image_designView.cpp(930,107): warning C4244: “=”: 从“float”转换到“int”，可能丢失数据
D:\BaiduNetdiskDownload\vs\MFCLibrary1\image_design\image_design\image_design\image_designView.cpp(931,108): warning C4244: “=”: 从“float”转换到“int”，可能丢失数据
D:\BaiduNetdiskDownload\vs\MFCLibrary1\image_design\image_design\image_design\image_designView.cpp(934,113): warning C4244: “=”: 从“float”转换到“int”，可能丢失数据
D:\BaiduNetdiskDownload\vs\MFCLibrary1\image_design\image_design\image_design\image_designView.cpp(935,114): warning C4244: “=”: 从“float”转换到“int”，可能丢失数据
D:\BaiduNetdiskDownload\vs\MFCLibrary1\image_design\image_design\image_design\image_designView.cpp(1021,80): warning C4244: “初始化”: 从“double”转换到“int”，可能丢失数据
D:\BaiduNetdiskDownload\vs\MFCLibrary1\image_design\image_design\image_design\image_designView.cpp(1031,82): warning C4244: “=”: 从“double”转换到“int”，可能丢失数据
D:\BaiduNetdiskDownload\vs\MFCLibrary1\image_design\image_design\image_design\image_designView.cpp(1032,82): warning C4244: “=”: 从“double”转换到“int”，可能丢失数据
D:\BaiduNetdiskDownload\vs\MFCLibrary1\image_design\image_design\image_design\image_designView.cpp(1053,34): warning C4244: “=”: 从“double”转换到“int”，可能丢失数据
D:\BaiduNetdiskDownload\vs\MFCLibrary1\image_design\image_design\image_design\image_designView.cpp(1054,34): warning C4244: “=”: 从“double”转换到“int”，可能丢失数据
D:\BaiduNetdiskDownload\vs\MFCLibrary1\image_design\image_design\image_design\image_designView.cpp(1070,14): warning C4244: “初始化”: 从“double”转换到“float”，可能丢失数据
D:\BaiduNetdiskDownload\vs\MFCLibrary1\image_design\image_design\image_design\image_designView.cpp(1071,14): warning C4244: “初始化”: 从“double”转换到“float”，可能丢失数据
D:\BaiduNetdiskDownload\vs\MFCLibrary1\image_design\image_design\image_design\image_designView.cpp(1072,14): warning C4244: “初始化”: 从“double”转换到“float”，可能丢失数据
D:\BaiduNetdiskDownload\vs\MFCLibrary1\image_design\image_design\image_design\image_designView.cpp(1075,16): warning C4244: “初始化”: 从“double”转换到“float”，可能丢失数据
D:\BaiduNetdiskDownload\vs\MFCLibrary1\image_design\image_design\image_design\image_designView.cpp(1076,17): warning C4244: “初始化”: 从“double”转换到“float”，可能丢失数据
D:\BaiduNetdiskDownload\vs\MFCLibrary1\image_design\image_design\image_design\image_designView.cpp(1079,37): warning C4244: “=”: 从“double”转换到“float”，可能丢失数据
D:\BaiduNetdiskDownload\vs\MFCLibrary1\image_design\image_design\image_design\image_designView.cpp(1080,37): warning C4244: “=”: 从“double”转换到“float”，可能丢失数据
  LINK : 没有找到 D:\BaiduNetdiskDownload\vs\MFCLibrary1\image_design\image_design\Debug\image_design.exe 或上一个增量链接没有生成它；正在执行完全链接
  image_design.vcxproj -> D:\BaiduNetdiskDownload\vs\MFCLibrary1\image_design\image_design\Debug\image_design.exe
  Microsoft (R) COFF/PE Editor Version 14.29.30140.0
  Copyright (C) Microsoft Corporation.  All rights reserved.
  
